<?xml version="1.0" encoding="UTF-8"?>
<!-- Generated by org.testng.reporters.JUnitXMLReporter -->
<testsuite ignored="4" hostname="Dell" failures="0" tests="8" name="Surefire test" time="94.63" errors="0" timestamp="2025-09-09T09:29:17 IST">
  <testcase classname="tests.HomePageTest" name="verifyHomePageIsVisible" time="0.026"/>
  <testcase classname="tests.HomePageTest" name="verifyNavigationToLoginPage" time="0.928"/>
  <testcase classname="tests.HomePageTest" name="verifyNavigationToProductsPage" time="1.731"/>
  <testcase classname="tests.LoginTest" name="testValidLogin" time="10.078"/>
  <testcase classname="tests.LoginTest" name="testInvalidLogin" time="2.603"/>
  <testcase classname="tests.PaymentPageTest" name="verifyPaymentAndConfirmOrder" time="6.814"/>
  <testcase classname="tests.ProductsPageTest" name="verifyAllProductsAndProductDetailPage" time="6.65"/>
  <testcase classname="tests.RegisterUserTest" name="testRegisterUser" time="17.122"/>
  <testcase classname="tests.BasicTest" name="@AfterSuite teardownSuite" time="0.0">
    <ignored/>
  </testcase> <!-- @AfterSuite teardownSuite -->
  <testcase classname="tests.BasicTest" name="@AfterSuite teardownSuite" time="0.0">
    <ignored/>
  </testcase> <!-- @AfterSuite teardownSuite -->
  <testcase classname="tests.BasicTest" name="@AfterSuite teardownSuite" time="0.0">
    <ignored/>
  </testcase> <!-- @AfterSuite teardownSuite -->
  <testcase classname="tests.BasicTest" name="@AfterSuite teardownSuite" time="0.0">
    <ignored/>
  </testcase> <!-- @AfterSuite teardownSuite -->
</testsuite> <!-- Surefire test -->
