<?xml version="1.0" encoding="UTF-8"?>
<testng-results ignored="0" total="1" passed="1" failed="0" skipped="0">
  <reporter-output>
  </reporter-output>
  <suite started-at="2025-09-07T23:56:45 IST" name="Default suite" finished-at="2025-09-07T23:58:44 IST" duration-ms="119148">
    <groups>
    </groups>
    <test started-at="2025-09-07T23:56:45 IST" name="Default test" finished-at="2025-09-07T23:58:44 IST" duration-ms="119148">
      <class name="tests.ContactUsForm">
        <test-method is-config="true" signature="setup()[pri:0, instance:tests.ContactUsForm@24313fcc]" started-at="2025-09-07T23:56:45 IST" name="setup" finished-at="2025-09-07T23:56:49 IST" duration-ms="3620" status="PASS">
          <reporter-output>
          </reporter-output>
        </test-method> <!-- setup -->
        <test-method signature="contactUsFormTest()[pri:0, instance:tests.ContactUsForm@24313fcc]" started-at="2025-09-07T23:56:49 IST" name="contactUsFormTest" description="Test Case 6: Contact Us Form Submission" finished-at="2025-09-07T23:58:44 IST" duration-ms="115013" status="PASS">
          <reporter-output>
          </reporter-output>
        </test-method> <!-- contactUsFormTest -->
        <test-method is-config="true" signature="teardownSuite()[pri:0, instance:tests.ContactUsForm@24313fcc]" started-at="2025-09-07T23:58:45 IST" name="teardownSuite" finished-at="2025-09-07T23:58:45 IST" duration-ms="231" status="PASS">
          <reporter-output>
          </reporter-output>
        </test-method> <!-- teardownSuite -->
      </class> <!-- tests.ContactUsForm -->
    </test> <!-- Default test -->
  </suite> <!-- Default suite -->
</testng-results>
